! Cannot compute witnesses AND utilize bisimulation quotients
! We have disabled bisimulation quotients
! Cannot compute witnesses AND use inclusion checks
! We have switched to mode '--comp'
========================= Initialization =========================
> Parsing model-checking instance (--nusmv)...
  ...done (45ms, 0.0450s)
Warning: No init condition for variable constructorMem
Warning: No next condition for variable listenerEvent
Warning: No init condition for variable constructorMem
> Translating symbolic system to explicit-state system...
  ...done (210ms, 0.2100s)
> Translating symbolic system to explicit-state system...
  ...done (11ms, 0.0110s)
> system-sizes: [480,57]
==================================================

========================= LTL-to-NBA =========================
> Start LTL-to-NBA translation...
  ...done (135ms, 0.1350s)
> size: 1
==================================================

============ exists [B ]. ============
> size: 1
> Start automaton-system-product...
  ...done (27ms, 0.0270s)
> size: 57
==================================================

========================= Compute final product for emptiness check =========================
> Automaton complementation...
  ...done (70ms, 0.0700s)
> size-before: 57
> size-after: 14
> Start automaton-system-product...
  ...done (45ms, 0.0450s)
> size: 820
==================================================

========================= Emptiness Check + Witness =========================
> size: 820
> Start lasso search...
  ...done (8ms, 0.0080s)
==================================================

> total-time: 792 ms (0.7920s)

======= Witnesses =======
A: ({"constructorClock":1, "constructorMem":0, "constructorPC":0, "constructorThreadStatus":0, "i":0, "j":0, "listenerClock":0, "listenerEvent":0, "listenerPC":0, "x":0, "y":0} {"constructorClock":1, "constructorMem":0, "constructorPC":0, "constructorThreadStatus":0, "i":0, "j":0, "listenerClock":0, "listenerEvent":0, "listenerPC":1, "x":0, "y":0} {"constructorClock":1, "constructorMem":0, "constructorPC":0, "constructorThreadStatus":1, "i":0, "j":0, "listenerClock":0, "listenerEvent":0, "listenerPC":2, "x":0, "y":0} {"constructorClock":0, "constructorMem":0, "constructorPC":0, "constructorThreadStatus":1, "i":0, "j":0, "listenerClock":0, "listenerEvent":0, "listenerPC":3, "x":0, "y":0} {"constructorClock":1, "constructorMem":1, "constructorPC":1, "constructorThreadStatus":1, "i":0, "j":0, "listenerClock":0, "listenerEvent":0, "listenerPC":3, "x":0, "y":0} {"constructorClock":0, "constructorMem":1, "constructorPC":1, "constructorThreadStatus":1, "i":0, "j":0, "listenerClock":0, "listenerEvent":0, "listenerPC":3, "x":0, "y":0} {"constructorClock":1, "constructorMem":1, "constructorPC":2, "constructorThreadStatus":1, "i":0, "j":0, "listenerClock":0, "listenerEvent":0, "listenerPC":3, "x":1, "y":0} {"constructorClock":0, "constructorMem":1, "constructorPC":2, "constructorThreadStatus":1, "i":0, "j":0, "listenerClock":0, "listenerEvent":0, "listenerPC":4, "x":1, "y":0} {"constructorClock":1, "constructorMem":1, "constructorPC":3, "constructorThreadStatus":1, "i":2, "j":0, "listenerClock":0, "listenerEvent":0, "listenerPC":5, "x":1, "y":1} {"constructorClock":0, "constructorMem":1, "constructorPC":3, "constructorThreadStatus":0, "i":2, "j":2, "listenerClock":0, "listenerEvent":0, "listenerPC":3, "x":1, "y":1} {"constructorClock":0, "constructorMem":1, "constructorPC":3, "constructorThreadStatus":0, "i":2, "j":2, "listenerClock":0, "listenerEvent":0, "listenerPC":4, "x":1, "y":1} {"constructorClock":0, "constructorMem":1, "constructorPC":3, "constructorThreadStatus":0, "i":2, "j":2, "listenerClock":0, "listenerEvent":0, "listenerPC":5, "x":1, "y":1} {"constructorClock":0, "constructorMem":1, "constructorPC":3, "constructorThreadStatus":0, "i":2, "j":2, "listenerClock":0, "listenerEvent":1, "listenerPC":3, "x":1, "y":1} {"constructorClock":0, "constructorMem":1, "constructorPC":3, "constructorThreadStatus":0, "i":2, "j":2, "listenerClock":0, "listenerEvent":1, "listenerPC":4, "x":1, "y":1} {"constructorClock":0, "constructorMem":1, "constructorPC":3, "constructorThreadStatus":0, "i":2, "j":2, "listenerClock":0, "listenerEvent":1, "listenerPC":5, "x":1, "y":1}) ({"constructorClock":0, "constructorMem":1, "constructorPC":3, "constructorThreadStatus":0, "i":2, "j":2, "listenerClock":1, "listenerEvent":0, "listenerPC":3, "x":1, "y":1} {"constructorClock":0, "constructorMem":1, "constructorPC":3, "constructorThreadStatus":0, "i":2, "j":2, "listenerClock":0, "listenerEvent":0, "listenerPC":3, "x":1, "y":1} {"constructorClock":0, "constructorMem":1, "constructorPC":3, "constructorThreadStatus":0, "i":2, "j":2, "listenerClock":0, "listenerEvent":0, "listenerPC":4, "x":1, "y":1} {"constructorClock":0, "constructorMem":1, "constructorPC":3, "constructorThreadStatus":0, "i":2, "j":2, "listenerClock":0, "listenerEvent":0, "listenerPC":5, "x":1, "y":1} {"constructorClock":0, "constructorMem":1, "constructorPC":3, "constructorThreadStatus":0, "i":2, "j":2, "listenerClock":0, "listenerEvent":1, "listenerPC":3, "x":1, "y":1} {"constructorClock":0, "constructorMem":1, "constructorPC":3, "constructorThreadStatus":0, "i":2, "j":2, "listenerClock":0, "listenerEvent":1, "listenerPC":4, "x":1, "y":1} {"constructorClock":0, "constructorMem":1, "constructorPC":3, "constructorThreadStatus":0, "i":2, "j":2, "listenerClock":0, "listenerEvent":1, "listenerPC":5, "x":1, "y":1})
=========================

UNSAT
