========================= Initialization =========================
> Parsing model-checking instance (--nusmv)...
  ...done (52ms, 0.0520s)
> Translating symbolic system to explicit-state system...
  ...done (149ms, 0.1490s)
> Translating symbolic system to explicit-state system...
  ...hashed (0ms, 0.0000s)
> Translating symbolic system to explicit-state system...
  ...hashed (0ms, 0.0000s)
> system-sizes: [840,840,840]
> Computing bisimulation quotients...
  ...done (30ms, 0.0300s)
> Computing bisimulation quotients...
  ...done (3056ms, 3.0560s)
> Computing bisimulation quotients...
  ...hashed (5ms, 0.0050s)
> system-sizes: [10,500,500]
==================================================

========================= LTL-to-NBA =========================
> Start LTL-to-NBA translation...
  ...done (114ms, 0.1140s)
> size: 1
==================================================

============ exists [B C ]. ============
> size: 1
> Start automaton-system-product...
[TIMEOUT] Deniability (AH) exceeded 10s.
