! Cannot compute witnesses AND utilize bisimulation quotients
! We have disabled bisimulation quotients
! Cannot compute witnesses AND use inclusion checks
! We have switched to mode '--comp'
========================= Initialization =========================
> Parsing model-checking instance (--nusmv)...
  ...done (47ms, 0.0470s)
> Translating symbolic system to explicit-state system...
  ...done (3435ms, 3.4350s)
> Translating symbolic system to explicit-state system...
  ...done (1025ms, 1.0250s)
> system-sizes: [8544,2285]
==================================================

========================= LTL-to-NBA =========================
> Start LTL-to-NBA translation...
  ...done (111ms, 0.1110s)
> size: 1
==================================================

============ exists [B ]. ============
> size: 1
> Start automaton-system-product...
  ...done (224ms, 0.2240s)
> size: 2285
==================================================

========================= Compute final product for emptiness check =========================
> Automaton complementation...
[TIMEOUT] EMM_ABA (AH) exceeded 10s.
