! Cannot compute witnesses AND utilize bisimulation quotients
! We have disabled bisimulation quotients
! Cannot compute witnesses AND use inclusion checks
! We have switched to mode '--comp'
========================= Initialization =========================
> Parsing model-checking instance (--nusmv)...
  ...done (43ms, 0.0430s)
> Translating symbolic system to explicit-state system...
  ...done (120ms, 0.1200s)
> Translating symbolic system to explicit-state system...
  ...hashed (0ms, 0.0000s)
> system-sizes: [400,400]
==================================================

========================= LTL-to-NBA =========================
> Start LTL-to-NBA translation...
  ...done (104ms, 0.1040s)
> size: 1
==================================================

========================= Compute final product for emptiness check =========================
> Start automaton-system-product...
[TIMEOUT] Keypad (AH) exceeded 10s.
