========================= Initialization =========================
> Parsing model-checking instance (--nusmv)...
  ...done (51ms, 0.0510s)
> Translating symbolic system to explicit-state system...
  ...done (93ms, 0.0930s)
> Translating symbolic system to explicit-state system...
  ...done (221ms, 0.2210s)
> Translating symbolic system to explicit-state system...
  ...done (14ms, 0.0140s)
> Translating symbolic system to explicit-state system...
  ...hashed (0ms, 0.0000s)
> Translating symbolic system to explicit-state system...
  ...hashed (0ms, 0.0000s)
> system-sizes: [256,194,49,194,49]
> Computing bisimulation quotients...
  ...done (46ms, 0.0460s)
> Computing bisimulation quotients...
  ...done (16ms, 0.0160s)
> Computing bisimulation quotients...
  ...done (2ms, 0.0020s)
> Computing bisimulation quotients...
  ...hashed (7ms, 0.0070s)
> Computing bisimulation quotients...
  ...hashed (1ms, 0.0010s)
> system-sizes: [256,32,16,32,16]
==================================================

========================= LTL-to-NBA =========================
> Start LTL-to-NBA translation...
  ...done (214ms, 0.2140s)
> size: 3
==================================================

============ forall [D E ]. ============
> size: 3
> Start automaton-system-product...
[TIMEOUT] MapSynth2 (AH) exceeded 10s.
